2025-07-01 01:32:34,224 - Event traité: WARN - Auth failure for client 192.168.1.10
2025-07-01 01:32:36,228 - Event traité: INFO - Watch set on path /app/config
2025-07-01 01:32:38,231 - Event traité: INFO - Initialized data tree
2025-07-01 01:32:40,240 - Event traité: INFO - New session created with session ID 0x0a1b2c
2025-07-01 01:32:42,247 - Event traité: WARN - Leader ping timeout
2025-07-01 01:32:44,254 - Event traité: INFO - New session created with session ID 0x0a1b2c
2025-07-01 01:32:46,260 - Event traité: ERROR - Failed to write snapshot to disk
2025-07-01 01:32:48,277 - Event traité: ERROR - Unexpected exception in LeaderElection: NullPointerException
2025-07-01 01:32:50,284 - Event traité: ERROR - Failed to write snapshot to disk
2025-07-01 01:32:52,289 - Event traité: INFO - Syncing data with leader
2025-07-01 01:32:54,297 - Event traité: WARN - Too many outstanding requests
2025-07-01 01:32:56,314 - Event traité: INFO - Committed transaction proposal
2025-07-01 01:32:58,334 - Event traité: CRITICAL - Service outage detected
2025-07-01 01:33:00,341 - Event traité: INFO - Initialized data tree
2025-07-01 01:33:02,355 - Event traité: CRITICAL - No quorum of peers available
2025-07-01 01:33:04,370 - Event traité: CRITICAL - No quorum of peers available
2025-07-01 01:33:06,386 - Event traité: CRITICAL - No quorum of peers available
2025-07-01 01:33:08,389 - Event traité: INFO - Syncing data with leader
2025-07-01 01:33:10,403 - Event traité: INFO - Initialized data tree
2025-07-01 01:33:12,408 - Event traité: ERROR - Connection reset by peer
2025-07-01 01:33:14,415 - Event traité: ERROR - Session expired for client 0x2b3c4d
2025-07-01 01:33:16,420 - Event traité: WARN - Connection to 192.168.1.11 refused, retrying
2025-07-01 01:33:18,436 - Event traité: ERROR - Failed to write snapshot to disk
2025-07-01 01:33:20,445 - Event traité: ERROR - Connection loss to leader
2025-07-01 01:33:22,448 - Event traité: ERROR - Transaction log corrupted
2025-07-01 01:33:24,450 - Event traité: WARN - Session 0x1a2b3c nearing expiration
2025-07-01 01:33:26,469 - Event traité: WARN - Client request queue depth high
2025-07-01 01:33:28,484 - Event traité: INFO - Committed transaction proposal
2025-07-01 01:33:30,496 - Event traité: INFO - Initialized data tree
2025-07-01 01:33:32,512 - Event traité: WARN - Fsync delay detected
2025-07-01 01:33:34,517 - Event traité: ERROR - Unable to recover from snapshot
2025-07-01 01:33:36,526 - Event traité: ERROR - Socket exception on port 2181
2025-07-01 01:33:38,538 - Event traité: WARN - Proposed zxid not increasing
2025-07-01 01:33:40,548 - Event traité: WARN - Proposed zxid not increasing
2025-07-01 01:33:42,555 - Event traité: INFO - Initialized data tree
2025-07-01 01:33:44,567 - Event traité: WARN - Too many outstanding requests
2025-07-01 01:33:46,578 - Event traité: ERROR - Session expired for client 0x2b3c4d
2025-07-01 01:33:48,586 - Event traité: WARN - Leader ping timeout
2025-07-01 01:33:50,590 - Event traité: INFO - Processing client request of type exists
2025-07-01 01:33:52,594 - Event traité: INFO - Connection established to ZooKeeper server
2025-07-01 01:33:54,604 - Event traité: WARN - Auth failure for client 192.168.1.10
2025-07-01 01:33:56,605 - Event traité: WARN - Too many outstanding requests
2025-07-01 01:33:58,619 - Event traité: INFO - Committed transaction proposal
2025-07-01 01:34:00,628 - Event traité: ERROR - Client request timed out
2025-07-01 01:34:02,632 - Event traité: WARN - Exceeded watch count limit
2025-07-01 01:34:04,638 - Event traité: WARN - Connection to 192.168.1.11 refused, retrying
2025-07-01 01:34:06,645 - Event traité: INFO - Watch set on path /app/config
2025-07-01 01:34:08,659 - Event traité: INFO - Watch set on path /app/config
2025-07-01 01:34:10,674 - Event traité: INFO - Syncing data with leader
2025-07-01 01:34:12,685 - Event traité: INFO - Watch set on path /app/config
2025-07-01 01:34:14,691 - Event traité: WARN - Exceeded watch count limit
2025-07-01 01:34:16,700 - Event traité: ERROR - Socket exception on port 2181
2025-07-01 01:34:18,715 - Event traité: INFO - Processing client request of type exists
2025-07-01 01:34:20,727 - Event traité: WARN - Proposed zxid not increasing
2025-07-01 01:34:22,742 - Event traité: WARN - Leader ping timeout
2025-07-01 01:34:24,746 - Event traité: WARN - Slow response from leader
2025-07-01 01:34:26,752 - Event traité: INFO - New session created with session ID 0x0a1b2c
2025-07-01 01:34:28,755 - Event traité: INFO - New session created with session ID 0x0a1b2c
2025-07-01 01:34:30,762 - Event traité: INFO - Leader accepted connection from follower
2025-07-01 01:34:32,772 - Event traité: WARN - Fsync delay detected
2025-07-01 01:34:34,789 - Event traité: WARN - Proposed zxid not increasing
2025-07-01 01:34:36,804 - Event traité: WARN - Session 0x1a2b3c nearing expiration
2025-07-01 01:34:38,812 - Event traité: WARN - Auth failure for client 192.168.1.10
2025-07-01 01:34:40,819 - Event traité: WARN - Leader ping timeout
2025-07-01 01:34:42,820 - Event traité: WARN - Client request queue depth high
2025-07-01 01:34:44,825 - Event traité: INFO - New session created with session ID 0x0a1b2c
2025-07-01 01:34:46,840 - Event traité: INFO - Follower starting handshake with leader
2025-07-01 01:34:48,855 - Event traité: INFO - Ephemeral node created at path /app/node1
2025-07-01 01:34:50,871 - Event traité: INFO - Initialized data tree
2025-07-01 01:34:52,886 - Event traité: INFO - Connection established to ZooKeeper server
2025-07-01 01:34:54,899 - Event traité: INFO - Syncing data with leader
2025-07-01 01:34:56,915 - Event traité: INFO - Ephemeral node created at path /app/node1
2025-07-01 01:34:58,925 - Event traité: WARN - Session 0x1a2b3c nearing expiration
2025-07-01 01:35:00,940 - Event traité: INFO - Connection established to ZooKeeper server
2025-07-01 01:35:02,983 - Event traité: INFO - Connection established to ZooKeeper server
2025-07-01 01:35:05,000 - Event traité: ERROR - Connection reset by peer
2025-07-01 01:35:07,007 - Event traité: INFO - New session created with session ID 0x0a1b2c
2025-07-01 01:35:09,009 - Event traité: WARN - Connection to 192.168.1.11 refused, retrying
2025-07-01 01:35:11,023 - Event traité: INFO - Follower starting handshake with leader
2025-07-01 01:35:13,028 - Event traité: WARN - Slow response from leader
2025-07-01 01:35:15,040 - Event traité: WARN - Client request queue depth high
2025-07-01 01:35:17,050 - Event traité: WARN - Session 0x1a2b3c nearing expiration
2025-07-01 01:35:19,055 - Event traité: INFO - Syncing data with leader
2025-07-01 01:35:21,061 - Event traité: WARN - Too many outstanding requests
2025-07-01 01:35:23,076 - Event traité: INFO - Ephemeral node created at path /app/node1
2025-07-01 01:35:25,081 - Event traité: CRITICAL - ZooKeeper service unavailable
2025-07-01 01:35:27,087 - Event traité: WARN - Slow response from leader
2025-07-01 01:35:29,100 - Event traité: WARN - Auth failure for client 192.168.1.10
2025-07-01 01:35:31,104 - Event traité: WARN - Too many outstanding requests
2025-07-01 01:35:33,112 - Event traité: INFO - Leader accepted connection from follower
2025-07-01 01:35:35,127 - Event traité: ERROR - Connection reset by peer
2025-07-01 01:35:37,135 - Event traité: INFO - Processing client request of type exists
2025-07-01 01:35:39,139 - Event traité: WARN - Fsync delay detected
2025-07-01 01:35:41,155 - Event traité: INFO - Initialized data tree
2025-07-01 01:35:43,161 - Event traité: ERROR - Session expired for client 0x2b3c4d
2025-07-01 01:35:45,164 - Event traité: CRITICAL - No quorum of peers available
2025-07-01 01:35:47,177 - Event traité: WARN - Proposed zxid not increasing
2025-07-01 01:35:49,193 - Event traité: WARN - Slow response from leader
2025-07-01 01:35:51,194 - Event traité: WARN - Too many outstanding requests
2025-07-01 01:35:53,200 - Event traité: WARN - Connection to 192.168.1.11 refused, retrying
2025-07-01 01:35:55,209 - Event traité: INFO - Follower starting handshake with leader
2025-07-01 01:35:57,226 - Event traité: WARN - Session 0x1a2b3c nearing expiration
2025-07-01 01:35:59,228 - Event traité: ERROR - Socket exception on port 2181
2025-07-01 01:36:01,235 - Event traité: INFO - Processing client request of type exists
2025-07-01 01:36:03,248 - Event traité: ERROR - Unexpected exception in LeaderElection: NullPointerException
2025-07-01 01:36:05,262 - Event traité: INFO - Committed transaction proposal
2025-07-01 01:36:07,269 - Event traité: INFO - New session created with session ID 0x0a1b2c
2025-07-01 01:36:09,279 - Event traité: INFO - Syncing data with leader
2025-07-01 01:36:11,281 - Event traité: INFO - Follower starting handshake with leader
2025-07-01 13:31:24,743 - Event traité: WARN - Auth failure for client 192.168.1.10
2025-07-01 13:31:26,748 - Event traité: INFO - Watch set on path /app/config
2025-07-01 13:31:28,759 - Event traité: INFO - Initialized data tree
2025-07-01 13:31:30,761 - Event traité: INFO - New session created with session ID 0x0a1b2c
2025-07-01 13:31:32,763 - Event traité: WARN - Leader ping timeout
2025-07-01 13:31:34,776 - Event traité: INFO - New session created with session ID 0x0a1b2c
2025-07-01 13:31:36,787 - Event traité: ERROR - Failed to write snapshot to disk
2025-07-01 13:31:38,800 - Event traité: ERROR - Unexpected exception in LeaderElection: NullPointerException
2025-07-01 13:31:40,806 - Event traité: ERROR - Failed to write snapshot to disk
2025-07-01 13:31:42,811 - Event traité: INFO - Syncing data with leader
2025-07-01 13:31:44,835 - Event traité: WARN - Too many outstanding requests
2025-07-01 13:31:46,837 - Event traité: INFO - Committed transaction proposal
2025-07-01 13:31:48,845 - Event traité: CRITICAL - Service outage detected
2025-07-01 13:31:50,857 - Event traité: INFO - Initialized data tree
2025-07-01 13:31:52,860 - Event traité: CRITICAL - No quorum of peers available
2025-07-01 13:31:54,876 - Event traité: CRITICAL - No quorum of peers available
2025-07-01 13:31:56,894 - Event traité: CRITICAL - No quorum of peers available
2025-07-01 13:31:58,896 - Event traité: INFO - Syncing data with leader
2025-07-01 13:32:00,905 - Event traité: INFO - Initialized data tree
2025-07-01 13:32:02,909 - Event traité: ERROR - Connection reset by peer
2025-07-01 13:32:04,913 - Event traité: ERROR - Session expired for client 0x2b3c4d
2025-07-01 13:32:06,925 - Event traité: WARN - Connection to 192.168.1.11 refused, retrying
2025-07-01 13:32:08,942 - Event traité: ERROR - Failed to write snapshot to disk
2025-07-01 13:32:10,955 - Event traité: ERROR - Connection loss to leader
2025-07-01 13:32:12,966 - Event traité: ERROR - Transaction log corrupted
2025-07-01 13:32:14,985 - Event traité: WARN - Session 0x1a2b3c nearing expiration
2025-07-01 13:32:16,998 - Event traité: WARN - Client request queue depth high
2025-07-01 13:32:19,002 - Event traité: INFO - Committed transaction proposal
2025-07-01 13:32:21,005 - Event traité: INFO - Initialized data tree
2025-07-01 13:32:23,018 - Event traité: WARN - Fsync delay detected
2025-07-01 13:32:25,020 - Event traité: ERROR - Unable to recover from snapshot
2025-07-01 13:32:27,035 - Event traité: ERROR - Socket exception on port 2181
2025-07-01 13:32:29,040 - Event traité: WARN - Proposed zxid not increasing
2025-07-01 13:32:31,052 - Event traité: WARN - Proposed zxid not increasing
2025-07-01 13:32:33,058 - Event traité: INFO - Initialized data tree
2025-07-01 13:32:35,060 - Event traité: WARN - Too many outstanding requests
2025-07-01 13:32:37,066 - Event traité: ERROR - Session expired for client 0x2b3c4d
2025-07-01 13:32:39,071 - Event traité: WARN - Leader ping timeout
2025-07-01 13:32:41,081 - Event traité: INFO - Processing client request of type exists
2025-07-01 13:32:43,087 - Event traité: INFO - Connection established to ZooKeeper server
2025-07-01 13:32:45,097 - Event traité: WARN - Auth failure for client 192.168.1.10
2025-07-01 13:32:47,109 - Event traité: WARN - Too many outstanding requests
2025-07-01 13:32:49,125 - Event traité: INFO - Committed transaction proposal
2025-07-01 13:32:51,134 - Event traité: ERROR - Client request timed out
2025-07-01 13:32:53,139 - Event traité: WARN - Exceeded watch count limit
2025-07-01 13:32:55,151 - Event traité: WARN - Connection to 192.168.1.11 refused, retrying
2025-07-01 13:32:57,158 - Event traité: INFO - Watch set on path /app/config
2025-07-01 13:32:59,162 - Event traité: INFO - Watch set on path /app/config
2025-07-01 13:33:01,175 - Event traité: INFO - Syncing data with leader
2025-07-01 13:33:03,181 - Event traité: INFO - Watch set on path /app/config
2025-07-01 13:33:05,192 - Event traité: WARN - Exceeded watch count limit
2025-07-01 13:33:07,198 - Event traité: ERROR - Socket exception on port 2181
2025-07-01 13:33:09,200 - Event traité: INFO - Processing client request of type exists
2025-07-01 13:33:11,268 - Event traité: WARN - Proposed zxid not increasing
2025-07-01 13:33:13,272 - Event traité: WARN - Leader ping timeout
2025-07-01 13:33:15,289 - Event traité: WARN - Slow response from leader
2025-07-01 13:33:17,293 - Event traité: INFO - New session created with session ID 0x0a1b2c
2025-07-01 13:33:19,301 - Event traité: INFO - New session created with session ID 0x0a1b2c
2025-07-01 13:33:21,305 - Event traité: INFO - Leader accepted connection from follower
2025-07-01 13:33:23,321 - Event traité: WARN - Fsync delay detected
2025-07-01 13:33:25,323 - Event traité: WARN - Proposed zxid not increasing
2025-07-01 13:33:27,341 - Event traité: WARN - Session 0x1a2b3c nearing expiration
2025-07-01 13:33:29,354 - Event traité: WARN - Auth failure for client 192.168.1.10
2025-07-01 13:33:31,357 - Event traité: WARN - Leader ping timeout
2025-07-01 13:33:33,370 - Event traité: WARN - Client request queue depth high
2025-07-01 13:33:35,379 - Event traité: INFO - New session created with session ID 0x0a1b2c
2025-07-01 13:33:37,387 - Event traité: INFO - Follower starting handshake with leader
2025-07-01 13:33:39,390 - Event traité: INFO - Ephemeral node created at path /app/node1
2025-07-01 13:33:41,392 - Event traité: INFO - Initialized data tree
2025-07-01 13:33:43,400 - Event traité: INFO - Connection established to ZooKeeper server
2025-07-01 13:33:45,419 - Event traité: INFO - Syncing data with leader
2025-07-01 13:33:47,429 - Event traité: INFO - Ephemeral node created at path /app/node1
2025-07-01 13:33:49,444 - Event traité: WARN - Session 0x1a2b3c nearing expiration
2025-07-01 13:33:51,448 - Event traité: INFO - Connection established to ZooKeeper server
2025-07-01 13:33:53,462 - Event traité: INFO - Connection established to ZooKeeper server
2025-07-01 13:33:55,466 - Event traité: ERROR - Connection reset by peer
2025-07-01 13:33:57,471 - Event traité: INFO - New session created with session ID 0x0a1b2c
2025-07-01 13:33:59,487 - Event traité: WARN - Connection to 192.168.1.11 refused, retrying
2025-07-01 13:34:01,505 - Event traité: INFO - Follower starting handshake with leader
2025-07-01 13:34:03,509 - Event traité: WARN - Slow response from leader
2025-07-01 13:34:05,512 - Event traité: WARN - Client request queue depth high
2025-07-01 13:34:07,526 - Event traité: WARN - Session 0x1a2b3c nearing expiration
2025-07-01 13:34:09,538 - Event traité: INFO - Syncing data with leader
2025-07-01 13:34:11,547 - Event traité: WARN - Too many outstanding requests
2025-07-01 13:34:13,562 - Event traité: INFO - Ephemeral node created at path /app/node1
2025-07-01 13:34:15,564 - Event traité: CRITICAL - ZooKeeper service unavailable
2025-07-01 13:34:17,579 - Event traité: WARN - Slow response from leader
2025-07-01 13:34:19,589 - Event traité: WARN - Auth failure for client 192.168.1.10
2025-07-01 13:34:21,591 - Event traité: WARN - Too many outstanding requests
2025-07-01 13:34:23,607 - Event traité: INFO - Leader accepted connection from follower
2025-07-01 13:34:25,617 - Event traité: ERROR - Connection reset by peer
2025-07-01 13:34:27,632 - Event traité: INFO - Processing client request of type exists
2025-07-01 13:34:29,638 - Event traité: WARN - Fsync delay detected
2025-07-01 13:34:31,654 - Event traité: INFO - Initialized data tree
2025-07-01 13:34:33,670 - Event traité: ERROR - Session expired for client 0x2b3c4d
2025-07-01 13:34:35,674 - Event traité: CRITICAL - No quorum of peers available
2025-07-01 13:34:37,692 - Event traité: WARN - Proposed zxid not increasing
2025-07-01 13:34:39,697 - Event traité: WARN - Slow response from leader
2025-07-01 13:34:41,698 - Event traité: WARN - Too many outstanding requests
2025-07-01 13:34:43,701 - Event traité: WARN - Connection to 192.168.1.11 refused, retrying
2025-07-01 13:34:45,709 - Event traité: INFO - Follower starting handshake with leader
2025-07-01 13:34:47,715 - Event traité: WARN - Session 0x1a2b3c nearing expiration
2025-07-01 13:34:49,730 - Event traité: ERROR - Socket exception on port 2181
2025-07-01 13:34:51,745 - Event traité: INFO - Processing client request of type exists
2025-07-01 13:34:53,748 - Event traité: ERROR - Unexpected exception in LeaderElection: NullPointerException
2025-07-01 13:34:55,749 - Event traité: INFO - Committed transaction proposal
2025-07-01 13:34:57,766 - Event traité: INFO - New session created with session ID 0x0a1b2c
2025-07-01 13:34:59,770 - Event traité: INFO - Syncing data with leader
2025-07-01 13:35:01,774 - Event traité: INFO - Follower starting handshake with leader
2025-07-01 13:44:52,247 - Event traité: WARN - Auth failure for client 192.168.1.10
2025-07-01 13:44:54,262 - Event traité: INFO - Watch set on path /app/config
2025-07-01 13:44:56,276 - Event traité: INFO - Initialized data tree
2025-07-01 13:44:58,286 - Event traité: INFO - New session created with session ID 0x0a1b2c
2025-07-01 13:45:00,291 - Event traité: WARN - Leader ping timeout
2025-07-01 13:45:02,298 - Event traité: INFO - New session created with session ID 0x0a1b2c
2025-07-01 13:45:04,308 - Event traité: ERROR - Failed to write snapshot to disk
2025-07-01 13:45:06,322 - Event traité: ERROR - Unexpected exception in LeaderElection: NullPointerException
2025-07-01 13:45:08,325 - Event traité: ERROR - Failed to write snapshot to disk
2025-07-01 13:45:10,327 - Event traité: INFO - Syncing data with leader
2025-07-01 13:45:12,335 - Event traité: WARN - Too many outstanding requests
2025-07-01 13:45:14,340 - Event traité: INFO - Committed transaction proposal
2025-07-01 13:45:16,349 - Event traité: CRITICAL - Service outage detected
2025-07-01 13:45:18,356 - Event traité: INFO - Initialized data tree
2025-07-01 13:45:20,362 - Event traité: CRITICAL - No quorum of peers available
2025-07-01 13:45:22,381 - Event traité: CRITICAL - No quorum of peers available
2025-07-01 13:45:24,399 - Event traité: CRITICAL - No quorum of peers available
2025-07-01 13:45:26,404 - Event traité: INFO - Syncing data with leader
2025-07-01 13:45:28,412 - Event traité: INFO - Initialized data tree
2025-07-01 13:45:30,417 - Event traité: ERROR - Connection reset by peer
2025-07-01 13:45:32,425 - Event traité: ERROR - Session expired for client 0x2b3c4d
2025-07-01 13:45:34,430 - Event traité: WARN - Connection to 192.168.1.11 refused, retrying
2025-07-01 13:45:36,434 - Event traité: ERROR - Failed to write snapshot to disk
2025-07-01 13:45:38,442 - Event traité: ERROR - Connection loss to leader
2025-07-01 13:45:40,455 - Event traité: ERROR - Transaction log corrupted
2025-07-01 13:45:42,467 - Event traité: WARN - Session 0x1a2b3c nearing expiration
2025-07-01 13:45:44,479 - Event traité: WARN - Client request queue depth high
2025-07-01 13:45:46,482 - Event traité: INFO - Committed transaction proposal
2025-07-01 13:45:48,489 - Event traité: INFO - Initialized data tree
2025-07-01 13:45:50,499 - Event traité: WARN - Fsync delay detected
2025-07-01 13:45:52,512 - Event traité: ERROR - Unable to recover from snapshot
2025-07-01 13:45:54,519 - Event traité: ERROR - Socket exception on port 2181
2025-07-01 13:45:56,534 - Event traité: WARN - Proposed zxid not increasing
2025-07-01 13:45:58,582 - Event traité: WARN - Proposed zxid not increasing
2025-07-01 13:46:00,595 - Event traité: INFO - Initialized data tree
2025-07-01 13:46:02,601 - Event traité: WARN - Too many outstanding requests
2025-07-01 13:46:04,605 - Event traité: ERROR - Session expired for client 0x2b3c4d
2025-07-01 13:46:06,616 - Event traité: WARN - Leader ping timeout
2025-07-01 13:46:08,627 - Event traité: INFO - Processing client request of type exists
2025-07-01 13:46:10,638 - Event traité: INFO - Connection established to ZooKeeper server
2025-07-01 13:46:12,646 - Event traité: WARN - Auth failure for client 192.168.1.10
2025-07-01 13:46:14,651 - Event traité: WARN - Too many outstanding requests
2025-07-01 13:46:16,659 - Event traité: INFO - Committed transaction proposal
2025-07-01 13:46:18,664 - Event traité: ERROR - Client request timed out
2025-07-01 13:46:20,671 - Event traité: WARN - Exceeded watch count limit
2025-07-01 13:46:22,678 - Event traité: WARN - Connection to 192.168.1.11 refused, retrying
2025-07-01 13:46:24,682 - Event traité: INFO - Watch set on path /app/config
2025-07-01 13:46:26,687 - Event traité: INFO - Watch set on path /app/config
2025-07-01 13:46:28,690 - Event traité: INFO - Syncing data with leader
2025-07-01 13:46:30,701 - Event traité: INFO - Watch set on path /app/config
2025-07-01 13:46:32,712 - Event traité: WARN - Exceeded watch count limit
2025-07-01 13:46:34,714 - Event traité: ERROR - Socket exception on port 2181
2025-07-01 13:46:36,723 - Event traité: INFO - Processing client request of type exists
2025-07-01 13:46:38,739 - Event traité: WARN - Proposed zxid not increasing
2025-07-01 13:46:40,743 - Event traité: WARN - Leader ping timeout
2025-07-01 13:46:42,745 - Event traité: WARN - Slow response from leader
2025-07-01 13:46:44,758 - Event traité: INFO - New session created with session ID 0x0a1b2c
2025-07-01 13:46:46,775 - Event traité: INFO - New session created with session ID 0x0a1b2c
2025-07-01 13:46:48,790 - Event traité: INFO - Leader accepted connection from follower
2025-07-01 13:46:50,792 - Event traité: WARN - Fsync delay detected
2025-07-01 13:46:52,803 - Event traité: WARN - Proposed zxid not increasing
2025-07-01 13:46:54,817 - Event traité: WARN - Session 0x1a2b3c nearing expiration
2025-07-01 13:46:56,832 - Event traité: WARN - Auth failure for client 192.168.1.10
2025-07-01 13:46:58,847 - Event traité: WARN - Leader ping timeout
2025-07-01 13:47:00,856 - Event traité: WARN - Client request queue depth high
2025-07-01 13:47:02,861 - Event traité: INFO - New session created with session ID 0x0a1b2c
2025-07-01 13:47:04,872 - Event traité: INFO - Follower starting handshake with leader
2025-07-01 13:47:06,876 - Event traité: INFO - Ephemeral node created at path /app/node1
2025-07-01 13:47:08,887 - Event traité: INFO - Initialized data tree
2025-07-01 13:47:10,892 - Event traité: INFO - Connection established to ZooKeeper server
2025-07-01 13:47:12,908 - Event traité: INFO - Syncing data with leader
2025-07-01 13:47:14,916 - Event traité: INFO - Ephemeral node created at path /app/node1
2025-07-01 13:47:16,930 - Event traité: WARN - Session 0x1a2b3c nearing expiration
2025-07-01 13:47:18,932 - Event traité: INFO - Connection established to ZooKeeper server
2025-07-01 13:47:20,946 - Event traité: INFO - Connection established to ZooKeeper server
2025-07-01 13:47:22,959 - Event traité: ERROR - Connection reset by peer
2025-07-01 13:47:24,972 - Event traité: INFO - New session created with session ID 0x0a1b2c
2025-07-01 13:47:26,981 - Event traité: WARN - Connection to 192.168.1.11 refused, retrying
2025-07-01 13:47:28,991 - Event traité: INFO - Follower starting handshake with leader
2025-07-01 13:47:30,999 - Event traité: WARN - Slow response from leader
2025-07-01 13:47:33,007 - Event traité: WARN - Client request queue depth high
2025-07-01 13:47:35,017 - Event traité: WARN - Session 0x1a2b3c nearing expiration
2025-07-01 13:47:37,032 - Event traité: INFO - Syncing data with leader
2025-07-01 13:47:39,034 - Event traité: WARN - Too many outstanding requests
2025-07-01 13:47:41,043 - Event traité: INFO - Ephemeral node created at path /app/node1
2025-07-01 13:47:43,051 - Event traité: CRITICAL - ZooKeeper service unavailable
2025-07-01 13:47:45,054 - Event traité: WARN - Slow response from leader
2025-07-01 13:47:47,069 - Event traité: WARN - Auth failure for client 192.168.1.10
2025-07-01 13:47:49,085 - Event traité: WARN - Too many outstanding requests
2025-07-01 13:47:51,087 - Event traité: INFO - Leader accepted connection from follower
2025-07-01 13:47:53,100 - Event traité: ERROR - Connection reset by peer
2025-07-01 13:47:55,101 - Event traité: INFO - Processing client request of type exists
2025-07-01 13:47:57,117 - Event traité: WARN - Fsync delay detected
2025-07-01 13:47:59,125 - Event traité: INFO - Initialized data tree
2025-07-01 13:48:01,135 - Event traité: ERROR - Session expired for client 0x2b3c4d
2025-07-01 13:48:03,144 - Event traité: CRITICAL - No quorum of peers available
2025-07-01 13:48:05,154 - Event traité: WARN - Proposed zxid not increasing
2025-07-01 13:48:07,169 - Event traité: WARN - Slow response from leader
2025-07-01 13:48:09,172 - Event traité: WARN - Too many outstanding requests
2025-07-01 13:48:11,178 - Event traité: WARN - Connection to 192.168.1.11 refused, retrying
2025-07-01 13:48:13,182 - Event traité: INFO - Follower starting handshake with leader
2025-07-01 13:48:15,186 - Event traité: WARN - Session 0x1a2b3c nearing expiration
2025-07-01 13:48:17,197 - Event traité: ERROR - Socket exception on port 2181
2025-07-01 13:48:19,203 - Event traité: INFO - Processing client request of type exists
2025-07-01 13:48:21,208 - Event traité: ERROR - Unexpected exception in LeaderElection: NullPointerException
2025-07-01 13:48:23,224 - Event traité: INFO - Committed transaction proposal
2025-07-01 13:48:25,241 - Event traité: INFO - New session created with session ID 0x0a1b2c
2025-07-01 13:48:27,245 - Event traité: INFO - Syncing data with leader
2025-07-01 13:48:29,250 - Event traité: INFO - Follower starting handshake with leader
2025-07-01 15:20:04,573 - Event traité: WARN - Auth failure for client 192.168.1.10
2025-07-01 15:20:06,583 - Event traité: INFO - Watch set on path /app/config
2025-07-01 15:20:08,599 - Event traité: INFO - Initialized data tree
2025-07-01 15:20:10,606 - Event traité: INFO - New session created with session ID 0x0a1b2c
2025-07-01 15:20:12,612 - Event traité: WARN - Leader ping timeout
2025-07-01 15:20:14,621 - Event traité: INFO - New session created with session ID 0x0a1b2c
2025-07-01 15:20:16,624 - Event traité: ERROR - Failed to write snapshot to disk
2025-07-01 15:20:18,630 - Event traité: ERROR - Unexpected exception in LeaderElection: NullPointerException
2025-07-01 15:20:20,647 - Event traité: ERROR - Failed to write snapshot to disk
2025-07-01 15:20:22,664 - Event traité: INFO - Syncing data with leader
2025-07-01 15:20:24,679 - Event traité: WARN - Too many outstanding requests
2025-07-01 15:20:26,698 - Event traité: INFO - Committed transaction proposal
2025-07-01 15:20:28,703 - Event traité: CRITICAL - Service outage detected
2025-07-01 15:20:30,708 - Event traité: INFO - Initialized data tree
2025-07-01 15:20:32,723 - Event traité: CRITICAL - No quorum of peers available
2025-07-01 15:20:34,729 - Event traité: CRITICAL - No quorum of peers available
2025-07-01 15:20:36,756 - Event traité: CRITICAL - No quorum of peers available
2025-07-01 15:20:38,776 - Event traité: INFO - Syncing data with leader
2025-07-01 15:20:40,793 - Event traité: INFO - Initialized data tree
2025-07-01 15:20:42,812 - Event traité: ERROR - Connection reset by peer
2025-07-01 15:20:44,820 - Event traité: ERROR - Session expired for client 0x2b3c4d
2025-07-01 15:20:46,827 - Event traité: WARN - Connection to 192.168.1.11 refused, retrying
2025-07-01 15:20:48,833 - Event traité: ERROR - Failed to write snapshot to disk
2025-07-01 15:20:50,843 - Event traité: ERROR - Connection loss to leader
2025-07-01 15:20:52,850 - Event traité: ERROR - Transaction log corrupted
2025-07-01 15:20:54,864 - Event traité: WARN - Session 0x1a2b3c nearing expiration
2025-07-01 15:20:56,876 - Event traité: WARN - Client request queue depth high
2025-07-01 15:20:58,904 - Event traité: INFO - Committed transaction proposal
2025-07-01 15:21:00,924 - Event traité: INFO - Initialized data tree
2025-07-01 15:21:02,927 - Event traité: WARN - Fsync delay detected
2025-07-01 15:21:04,942 - Event traité: ERROR - Unable to recover from snapshot
2025-07-01 15:21:06,954 - Event traité: ERROR - Socket exception on port 2181
2025-07-01 15:21:08,968 - Event traité: WARN - Proposed zxid not increasing
2025-07-01 15:21:10,973 - Event traité: WARN - Proposed zxid not increasing
2025-07-01 15:21:12,989 - Event traité: INFO - Initialized data tree
2025-07-01 15:21:15,004 - Event traité: WARN - Too many outstanding requests
2025-07-01 15:21:17,008 - Event traité: ERROR - Session expired for client 0x2b3c4d
2025-07-01 15:21:19,017 - Event traité: WARN - Leader ping timeout
2025-07-01 15:21:21,036 - Event traité: INFO - Processing client request of type exists
2025-07-01 15:21:23,127 - Event traité: INFO - Connection established to ZooKeeper server
2025-07-01 15:21:25,132 - Event traité: WARN - Auth failure for client 192.168.1.10
2025-07-01 15:21:27,139 - Event traité: WARN - Too many outstanding requests
2025-07-01 15:21:29,153 - Event traité: INFO - Committed transaction proposal
2025-07-01 15:21:31,158 - Event traité: ERROR - Client request timed out
2025-07-01 15:21:33,174 - Event traité: WARN - Exceeded watch count limit
2025-07-01 15:21:35,188 - Event traité: WARN - Connection to 192.168.1.11 refused, retrying
2025-07-01 15:21:37,197 - Event traité: INFO - Watch set on path /app/config
2025-07-01 15:21:39,208 - Event traité: INFO - Watch set on path /app/config
2025-07-01 15:21:41,218 - Event traité: INFO - Syncing data with leader
2025-07-01 15:21:43,232 - Event traité: INFO - Watch set on path /app/config
2025-07-01 15:21:45,247 - Event traité: WARN - Exceeded watch count limit
2025-07-01 15:21:47,269 - Event traité: ERROR - Socket exception on port 2181
2025-07-01 15:21:49,320 - Event traité: INFO - Processing client request of type exists
2025-07-01 15:21:51,336 - Event traité: WARN - Proposed zxid not increasing
2025-07-01 15:21:53,341 - Event traité: WARN - Leader ping timeout
2025-07-01 15:21:55,346 - Event traité: WARN - Slow response from leader
2025-07-01 15:21:57,361 - Event traité: INFO - New session created with session ID 0x0a1b2c
2025-07-01 15:21:59,394 - Event traité: INFO - New session created with session ID 0x0a1b2c
2025-07-01 15:22:01,397 - Event traité: INFO - Leader accepted connection from follower
2025-07-01 15:22:03,406 - Event traité: WARN - Fsync delay detected
2025-07-01 15:22:05,417 - Event traité: WARN - Proposed zxid not increasing
2025-07-01 15:22:07,421 - Event traité: WARN - Session 0x1a2b3c nearing expiration
2025-07-01 15:22:09,432 - Event traité: WARN - Auth failure for client 192.168.1.10
2025-07-01 15:22:11,448 - Event traité: WARN - Leader ping timeout
2025-07-01 15:22:13,455 - Event traité: WARN - Client request queue depth high
2025-07-01 15:22:15,467 - Event traité: INFO - New session created with session ID 0x0a1b2c
2025-07-01 15:22:17,491 - Event traité: INFO - Follower starting handshake with leader
2025-07-01 15:22:19,495 - Event traité: INFO - Ephemeral node created at path /app/node1
2025-07-01 15:22:21,524 - Event traité: INFO - Initialized data tree
2025-07-01 15:22:23,531 - Event traité: INFO - Connection established to ZooKeeper server
2025-07-01 15:22:25,542 - Event traité: INFO - Syncing data with leader
2025-07-01 15:22:27,554 - Event traité: INFO - Ephemeral node created at path /app/node1
2025-07-01 15:22:29,601 - Event traité: WARN - Session 0x1a2b3c nearing expiration
2025-07-01 15:22:31,638 - Event traité: INFO - Connection established to ZooKeeper server
2025-07-01 15:22:33,653 - Event traité: INFO - Connection established to ZooKeeper server
2025-07-01 15:22:35,655 - Event traité: ERROR - Connection reset by peer
2025-07-01 15:22:37,667 - Event traité: INFO - New session created with session ID 0x0a1b2c
2025-07-01 15:22:39,679 - Event traité: WARN - Connection to 192.168.1.11 refused, retrying
2025-07-01 15:22:41,686 - Event traité: INFO - Follower starting handshake with leader
2025-07-01 15:22:43,701 - Event traité: WARN - Slow response from leader
2025-07-01 15:22:45,711 - Event traité: WARN - Client request queue depth high
2025-07-01 15:22:47,719 - Event traité: WARN - Session 0x1a2b3c nearing expiration
2025-07-01 15:22:49,995 - Event traité: INFO - Syncing data with leader
2025-07-01 15:22:52,154 - Event traité: WARN - Too many outstanding requests
2025-07-01 15:22:54,162 - Event traité: INFO - Ephemeral node created at path /app/node1
2025-07-01 15:22:56,279 - Event traité: CRITICAL - ZooKeeper service unavailable
2025-07-01 15:22:58,386 - Event traité: WARN - Slow response from leader
2025-07-01 15:23:00,491 - Event traité: WARN - Auth failure for client 192.168.1.10
2025-07-01 15:23:02,504 - Event traité: WARN - Too many outstanding requests
2025-07-01 15:23:04,513 - Event traité: INFO - Leader accepted connection from follower
2025-07-01 15:23:06,527 - Event traité: ERROR - Connection reset by peer
2025-07-01 15:23:08,618 - Event traité: INFO - Processing client request of type exists
2025-07-01 15:23:10,623 - Event traité: WARN - Fsync delay detected
2025-07-01 15:23:12,659 - Event traité: INFO - Initialized data tree
2025-07-01 15:23:14,681 - Event traité: ERROR - Session expired for client 0x2b3c4d
2025-07-01 15:23:16,758 - Event traité: CRITICAL - No quorum of peers available
2025-07-01 15:23:18,986 - Event traité: WARN - Proposed zxid not increasing
2025-07-01 15:23:20,995 - Event traité: WARN - Slow response from leader
2025-07-01 15:23:23,024 - Event traité: WARN - Too many outstanding requests
2025-07-01 15:23:25,178 - Event traité: WARN - Connection to 192.168.1.11 refused, retrying
2025-07-01 15:23:27,292 - Event traité: INFO - Follower starting handshake with leader
2025-07-01 15:23:29,384 - Event traité: WARN - Session 0x1a2b3c nearing expiration
2025-07-01 15:23:31,392 - Event traité: ERROR - Socket exception on port 2181
2025-07-01 15:23:33,406 - Event traité: INFO - Processing client request of type exists
2025-07-01 15:23:35,414 - Event traité: ERROR - Unexpected exception in LeaderElection: NullPointerException
2025-07-01 15:23:37,416 - Event traité: INFO - Committed transaction proposal
2025-07-01 15:23:39,428 - Event traité: INFO - New session created with session ID 0x0a1b2c
2025-07-01 15:23:41,442 - Event traité: INFO - Syncing data with leader
2025-07-01 15:23:43,498 - Event traité: INFO - Follower starting handshake with leader
2025-07-03 14:44:13,481 - Event traité: WARN - Auth failure for client 192.168.1.10
2025-07-03 14:44:15,553 - Event traité: INFO - Watch set on path /app/config
2025-07-03 14:44:17,645 - Event traité: INFO - Initialized data tree
2025-07-03 14:44:19,649 - Event traité: INFO - New session created with session ID 0x0a1b2c
2025-07-03 14:44:21,655 - Event traité: WARN - Leader ping timeout
2025-07-03 14:44:23,663 - Event traité: INFO - New session created with session ID 0x0a1b2c
2025-07-03 14:44:25,669 - Event traité: ERROR - Failed to write snapshot to disk
2025-07-03 14:44:27,679 - Event traité: ERROR - Unexpected exception in LeaderElection: NullPointerException
2025-07-03 14:44:29,695 - Event traité: ERROR - Failed to write snapshot to disk
2025-07-03 14:44:31,701 - Event traité: INFO - Syncing data with leader
2025-07-03 14:44:33,705 - Event traité: WARN - Too many outstanding requests
2025-07-03 14:44:35,717 - Event traité: INFO - Committed transaction proposal
2025-07-03 14:44:37,719 - Event traité: CRITICAL - Service outage detected
2025-07-03 14:44:39,727 - Event traité: INFO - Initialized data tree
2025-07-03 14:44:41,736 - Event traité: CRITICAL - No quorum of peers available
2025-07-03 14:44:43,756 - Event traité: CRITICAL - No quorum of peers available
2025-07-03 14:44:45,775 - Event traité: CRITICAL - No quorum of peers available
2025-07-03 14:44:47,777 - Event traité: INFO - Syncing data with leader
2025-07-03 14:44:49,793 - Event traité: INFO - Initialized data tree
2025-07-03 14:44:51,806 - Event traité: ERROR - Connection reset by peer
2025-07-03 14:44:53,820 - Event traité: ERROR - Session expired for client 0x2b3c4d
2025-07-03 14:44:55,828 - Event traité: WARN - Connection to 192.168.1.11 refused, retrying
2025-07-03 14:44:57,838 - Event traité: ERROR - Failed to write snapshot to disk
2025-07-03 14:44:59,851 - Event traité: ERROR - Connection loss to leader
2025-07-03 14:45:01,857 - Event traité: ERROR - Transaction log corrupted
2025-07-03 14:45:03,872 - Event traité: WARN - Session 0x1a2b3c nearing expiration
2025-07-03 14:45:05,886 - Event traité: WARN - Client request queue depth high
2025-07-03 14:45:07,899 - Event traité: INFO - Committed transaction proposal
2025-07-03 14:45:09,908 - Event traité: INFO - Initialized data tree
2025-07-03 14:45:11,914 - Event traité: WARN - Fsync delay detected
2025-07-03 14:45:13,918 - Event traité: ERROR - Unable to recover from snapshot
2025-07-03 14:45:15,934 - Event traité: ERROR - Socket exception on port 2181
2025-07-03 14:45:17,945 - Event traité: WARN - Proposed zxid not increasing
2025-07-03 14:45:19,961 - Event traité: WARN - Proposed zxid not increasing
2025-07-03 14:45:21,975 - Event traité: INFO - Initialized data tree
2025-07-03 14:45:23,979 - Event traité: WARN - Too many outstanding requests
2025-07-03 14:45:25,984 - Event traité: ERROR - Session expired for client 0x2b3c4d
2025-07-03 14:45:27,991 - Event traité: WARN - Leader ping timeout
2025-07-03 14:45:29,997 - Event traité: INFO - Processing client request of type exists
2025-07-03 14:45:32,000 - Event traité: INFO - Connection established to ZooKeeper server
2025-07-03 14:45:34,013 - Event traité: WARN - Auth failure for client 192.168.1.10
2025-07-03 14:45:36,017 - Event traité: WARN - Too many outstanding requests
2025-07-03 14:45:38,028 - Event traité: INFO - Committed transaction proposal
2025-07-03 14:45:40,030 - Event traité: ERROR - Client request timed out
2025-07-03 14:45:42,038 - Event traité: WARN - Exceeded watch count limit
2025-07-03 14:45:44,047 - Event traité: WARN - Connection to 192.168.1.11 refused, retrying
2025-07-03 14:45:46,052 - Event traité: INFO - Watch set on path /app/config
2025-07-03 14:45:48,059 - Event traité: INFO - Watch set on path /app/config
2025-07-03 14:45:50,072 - Event traité: INFO - Syncing data with leader
2025-07-03 14:45:52,080 - Event traité: INFO - Watch set on path /app/config
2025-07-03 14:45:54,085 - Event traité: WARN - Exceeded watch count limit
2025-07-03 14:45:56,087 - Event traité: ERROR - Socket exception on port 2181
2025-07-03 14:45:58,092 - Event traité: INFO - Processing client request of type exists
2025-07-03 14:46:00,101 - Event traité: WARN - Proposed zxid not increasing
2025-07-03 14:46:02,107 - Event traité: WARN - Leader ping timeout
2025-07-03 14:46:04,123 - Event traité: WARN - Slow response from leader
2025-07-03 14:46:06,141 - Event traité: INFO - New session created with session ID 0x0a1b2c
2025-07-03 14:46:08,147 - Event traité: INFO - New session created with session ID 0x0a1b2c
2025-07-03 14:46:10,157 - Event traité: INFO - Leader accepted connection from follower
2025-07-03 14:46:12,171 - Event traité: WARN - Fsync delay detected
2025-07-03 14:46:14,184 - Event traité: WARN - Proposed zxid not increasing
2025-07-03 14:46:16,186 - Event traité: WARN - Session 0x1a2b3c nearing expiration
2025-07-03 14:46:18,196 - Event traité: WARN - Auth failure for client 192.168.1.10
2025-07-03 14:46:20,211 - Event traité: WARN - Leader ping timeout
2025-07-03 14:46:22,223 - Event traité: WARN - Client request queue depth high
2025-07-03 14:46:24,308 - Event traité: INFO - New session created with session ID 0x0a1b2c
2025-07-03 14:46:26,319 - Event traité: INFO - Follower starting handshake with leader
2025-07-03 14:46:28,326 - Event traité: INFO - Ephemeral node created at path /app/node1
2025-07-03 14:46:30,333 - Event traité: INFO - Initialized data tree
2025-07-03 14:46:32,350 - Event traité: INFO - Connection established to ZooKeeper server
2025-07-03 14:46:34,356 - Event traité: INFO - Syncing data with leader
2025-07-03 14:46:36,358 - Event traité: INFO - Ephemeral node created at path /app/node1
2025-07-03 14:46:38,367 - Event traité: WARN - Session 0x1a2b3c nearing expiration
2025-07-03 14:46:40,380 - Event traité: INFO - Connection established to ZooKeeper server
2025-07-03 14:46:42,385 - Event traité: INFO - Connection established to ZooKeeper server
2025-07-03 14:46:44,393 - Event traité: ERROR - Connection reset by peer
2025-07-03 14:46:46,432 - Event traité: INFO - New session created with session ID 0x0a1b2c
2025-07-03 14:46:48,435 - Event traité: WARN - Connection to 192.168.1.11 refused, retrying
2025-07-03 14:46:50,445 - Event traité: INFO - Follower starting handshake with leader
2025-07-03 14:46:52,450 - Event traité: WARN - Slow response from leader
2025-07-03 14:46:54,459 - Event traité: WARN - Client request queue depth high
2025-07-03 14:46:56,471 - Event traité: WARN - Session 0x1a2b3c nearing expiration
2025-07-03 14:46:58,481 - Event traité: INFO - Syncing data with leader
2025-07-03 14:47:00,490 - Event traité: WARN - Too many outstanding requests
2025-07-03 14:47:02,507 - Event traité: INFO - Ephemeral node created at path /app/node1
2025-07-03 14:47:04,512 - Event traité: CRITICAL - ZooKeeper service unavailable
2025-07-03 14:47:06,527 - Event traité: WARN - Slow response from leader
2025-07-03 14:47:08,542 - Event traité: WARN - Auth failure for client 192.168.1.10
2025-07-03 14:47:10,551 - Event traité: WARN - Too many outstanding requests
2025-07-03 14:47:12,554 - Event traité: INFO - Leader accepted connection from follower
2025-07-03 14:47:14,560 - Event traité: ERROR - Connection reset by peer
2025-07-03 14:47:16,562 - Event traité: INFO - Processing client request of type exists
2025-07-03 14:47:18,572 - Event traité: WARN - Fsync delay detected
2025-07-03 14:47:20,579 - Event traité: INFO - Initialized data tree
2025-07-03 14:47:22,594 - Event traité: ERROR - Session expired for client 0x2b3c4d
2025-07-03 14:47:24,608 - Event traité: CRITICAL - No quorum of peers available
2025-07-03 14:47:26,620 - Event traité: WARN - Proposed zxid not increasing
2025-07-03 14:47:28,629 - Event traité: WARN - Slow response from leader
2025-07-03 14:47:30,643 - Event traité: WARN - Too many outstanding requests
2025-07-03 14:47:32,652 - Event traité: WARN - Connection to 192.168.1.11 refused, retrying
2025-07-03 14:47:34,656 - Event traité: INFO - Follower starting handshake with leader
2025-07-03 14:47:36,661 - Event traité: WARN - Session 0x1a2b3c nearing expiration
2025-07-03 14:47:38,669 - Event traité: ERROR - Socket exception on port 2181
2025-07-03 14:47:40,673 - Event traité: INFO - Processing client request of type exists
2025-07-03 14:47:42,682 - Event traité: ERROR - Unexpected exception in LeaderElection: NullPointerException
2025-07-03 14:47:44,686 - Event traité: INFO - Committed transaction proposal
2025-07-03 14:47:46,698 - Event traité: INFO - New session created with session ID 0x0a1b2c
2025-07-03 14:47:48,709 - Event traité: INFO - Syncing data with leader
2025-07-03 14:47:50,718 - Event traité: INFO - Follower starting handshake with leader
2025-07-03 14:49:22,391 - Event traité: WARN - Auth failure for client 192.168.1.10
2025-07-03 14:49:24,407 - Event traité: INFO - Watch set on path /app/config
2025-07-03 14:49:26,414 - Event traité: INFO - Initialized data tree
2025-07-03 14:49:28,425 - Event traité: INFO - New session created with session ID 0x0a1b2c
2025-07-03 14:49:30,436 - Event traité: WARN - Leader ping timeout
2025-07-03 14:49:32,439 - Event traité: INFO - New session created with session ID 0x0a1b2c
2025-07-03 14:49:34,452 - Event traité: ERROR - Failed to write snapshot to disk
2025-07-03 14:49:36,455 - Event traité: ERROR - Unexpected exception in LeaderElection: NullPointerException
2025-07-03 14:49:38,472 - Event traité: ERROR - Failed to write snapshot to disk
2025-07-03 14:49:40,574 - Event traité: INFO - Syncing data with leader
2025-07-03 14:49:42,577 - Event traité: WARN - Too many outstanding requests
2025-07-03 14:49:44,591 - Event traité: INFO - Committed transaction proposal
2025-07-03 14:49:46,608 - Event traité: CRITICAL - Service outage detected
2025-07-03 14:49:48,616 - Event traité: INFO - Initialized data tree
2025-07-03 14:49:50,630 - Event traité: CRITICAL - No quorum of peers available
2025-07-03 14:49:52,639 - Event traité: CRITICAL - No quorum of peers available
2025-07-03 14:49:54,655 - Event traité: CRITICAL - No quorum of peers available
2025-07-03 14:49:56,665 - Event traité: INFO - Syncing data with leader
2025-07-03 14:49:58,677 - Event traité: INFO - Initialized data tree
2025-07-03 14:50:00,687 - Event traité: ERROR - Connection reset by peer
2025-07-03 14:50:02,697 - Event traité: ERROR - Session expired for client 0x2b3c4d
2025-07-03 14:50:04,702 - Event traité: WARN - Connection to 192.168.1.11 refused, retrying
2025-07-03 14:50:06,709 - Event traité: ERROR - Failed to write snapshot to disk
2025-07-03 14:50:08,723 - Event traité: ERROR - Connection loss to leader
2025-07-03 14:50:10,734 - Event traité: ERROR - Transaction log corrupted
2025-07-03 14:50:12,743 - Event traité: WARN - Session 0x1a2b3c nearing expiration
2025-07-03 14:50:14,760 - Event traité: WARN - Client request queue depth high
2025-07-03 14:50:16,765 - Event traité: INFO - Committed transaction proposal
2025-07-03 14:50:18,769 - Event traité: INFO - Initialized data tree
2025-07-03 14:50:20,776 - Event traité: WARN - Fsync delay detected
2025-07-03 14:50:22,787 - Event traité: ERROR - Unable to recover from snapshot
2025-07-03 14:50:24,793 - Event traité: ERROR - Socket exception on port 2181
2025-07-03 14:50:26,805 - Event traité: WARN - Proposed zxid not increasing
2025-07-03 14:50:28,822 - Event traité: WARN - Proposed zxid not increasing
2025-07-03 14:50:30,825 - Event traité: INFO - Initialized data tree
2025-07-03 14:50:32,837 - Event traité: WARN - Too many outstanding requests
2025-07-03 14:50:34,840 - Event traité: ERROR - Session expired for client 0x2b3c4d
2025-07-03 14:50:36,849 - Event traité: WARN - Leader ping timeout
2025-07-03 14:50:38,856 - Event traité: INFO - Processing client request of type exists
2025-07-03 14:50:40,865 - Event traité: INFO - Connection established to ZooKeeper server
2025-07-03 14:50:42,878 - Event traité: WARN - Auth failure for client 192.168.1.10
2025-07-03 14:50:44,895 - Event traité: WARN - Too many outstanding requests
2025-07-03 14:50:46,897 - Event traité: INFO - Committed transaction proposal
2025-07-03 14:50:48,918 - Event traité: ERROR - Client request timed out
2025-07-03 14:50:50,928 - Event traité: WARN - Exceeded watch count limit
2025-07-03 14:50:52,939 - Event traité: WARN - Connection to 192.168.1.11 refused, retrying
2025-07-03 14:50:54,956 - Event traité: INFO - Watch set on path /app/config
2025-07-03 14:50:56,972 - Event traité: INFO - Watch set on path /app/config
2025-07-03 14:50:58,975 - Event traité: INFO - Syncing data with leader
2025-07-03 14:51:01,020 - Event traité: INFO - Watch set on path /app/config
2025-07-03 14:51:03,083 - Event traité: WARN - Exceeded watch count limit
2025-07-03 14:51:05,086 - Event traité: ERROR - Socket exception on port 2181
2025-07-03 14:51:07,097 - Event traité: INFO - Processing client request of type exists
2025-07-03 14:51:09,114 - Event traité: WARN - Proposed zxid not increasing
2025-07-03 14:51:11,132 - Event traité: WARN - Leader ping timeout
2025-07-03 14:51:13,145 - Event traité: WARN - Slow response from leader
2025-07-03 14:51:15,150 - Event traité: INFO - New session created with session ID 0x0a1b2c
2025-07-03 14:51:17,166 - Event traité: INFO - New session created with session ID 0x0a1b2c
2025-07-03 14:51:19,174 - Event traité: INFO - Leader accepted connection from follower
2025-07-03 14:51:21,186 - Event traité: WARN - Fsync delay detected
2025-07-03 14:51:23,193 - Event traité: WARN - Proposed zxid not increasing
2025-07-03 14:51:25,208 - Event traité: WARN - Session 0x1a2b3c nearing expiration
2025-07-03 14:51:27,218 - Event traité: WARN - Auth failure for client 192.168.1.10
2025-07-03 14:51:29,229 - Event traité: WARN - Leader ping timeout
2025-07-03 14:51:31,238 - Event traité: WARN - Client request queue depth high
2025-07-03 14:51:33,268 - Event traité: INFO - New session created with session ID 0x0a1b2c
2025-07-03 14:51:35,288 - Event traité: INFO - Follower starting handshake with leader
2025-07-03 14:51:37,304 - Event traité: INFO - Ephemeral node created at path /app/node1
2025-07-03 14:51:39,312 - Event traité: INFO - Initialized data tree
2025-07-03 14:51:41,319 - Event traité: INFO - Connection established to ZooKeeper server
2025-07-03 14:51:43,325 - Event traité: INFO - Syncing data with leader
2025-07-03 14:51:45,332 - Event traité: INFO - Ephemeral node created at path /app/node1
2025-07-03 14:51:47,333 - Event traité: WARN - Session 0x1a2b3c nearing expiration
2025-07-03 14:51:49,345 - Event traité: INFO - Connection established to ZooKeeper server
2025-07-03 14:51:51,350 - Event traité: INFO - Connection established to ZooKeeper server
2025-07-03 14:51:53,354 - Event traité: ERROR - Connection reset by peer
2025-07-03 14:51:55,359 - Event traité: INFO - New session created with session ID 0x0a1b2c
2025-07-03 14:51:57,371 - Event traité: WARN - Connection to 192.168.1.11 refused, retrying
2025-07-03 14:51:59,388 - Event traité: INFO - Follower starting handshake with leader
2025-07-03 14:52:01,392 - Event traité: WARN - Slow response from leader
2025-07-03 14:52:03,403 - Event traité: WARN - Client request queue depth high
2025-07-03 14:52:05,417 - Event traité: WARN - Session 0x1a2b3c nearing expiration
2025-07-03 14:52:07,437 - Event traité: INFO - Syncing data with leader
2025-07-03 14:52:09,442 - Event traité: WARN - Too many outstanding requests
2025-07-03 14:52:11,448 - Event traité: INFO - Ephemeral node created at path /app/node1
2025-07-03 14:52:13,455 - Event traité: CRITICAL - ZooKeeper service unavailable
2025-07-03 14:52:15,460 - Event traité: WARN - Slow response from leader
2025-07-03 14:52:17,462 - Event traité: WARN - Auth failure for client 192.168.1.10
2025-07-03 14:52:19,473 - Event traité: WARN - Too many outstanding requests
2025-07-03 14:52:21,483 - Event traité: INFO - Leader accepted connection from follower
2025-07-03 14:52:23,509 - Event traité: ERROR - Connection reset by peer
2025-07-03 14:52:25,554 - Event traité: INFO - Processing client request of type exists
2025-07-03 14:52:27,559 - Event traité: WARN - Fsync delay detected
2025-07-03 14:52:29,560 - Event traité: INFO - Initialized data tree
2025-07-03 14:52:31,566 - Event traité: ERROR - Session expired for client 0x2b3c4d
2025-07-03 14:52:33,578 - Event traité: CRITICAL - No quorum of peers available
2025-07-03 14:52:35,585 - Event traité: WARN - Proposed zxid not increasing
2025-07-03 14:52:37,604 - Event traité: WARN - Slow response from leader
2025-07-03 14:52:39,612 - Event traité: WARN - Too many outstanding requests
2025-07-03 14:52:41,621 - Event traité: WARN - Connection to 192.168.1.11 refused, retrying
2025-07-03 14:52:43,628 - Event traité: INFO - Follower starting handshake with leader
2025-07-03 14:52:45,673 - Event traité: WARN - Session 0x1a2b3c nearing expiration
2025-07-03 14:52:47,730 - Event traité: ERROR - Socket exception on port 2181
2025-07-03 14:52:49,736 - Event traité: INFO - Processing client request of type exists
2025-07-03 14:52:51,745 - Event traité: ERROR - Unexpected exception in LeaderElection: NullPointerException
2025-07-03 14:52:53,756 - Event traité: INFO - Committed transaction proposal
2025-07-03 14:52:55,769 - Event traité: INFO - New session created with session ID 0x0a1b2c
2025-07-03 14:52:57,781 - Event traité: INFO - Syncing data with leader
2025-07-03 14:52:59,802 - Event traité: INFO - Follower starting handshake with leader
2025-07-03 14:53:28,100 - Event traité: WARN - Auth failure for client 192.168.1.10
2025-07-03 14:53:30,112 - Event traité: INFO - Watch set on path /app/config
2025-07-03 14:53:32,121 - Event traité: INFO - Initialized data tree
2025-07-03 14:53:34,131 - Event traité: INFO - New session created with session ID 0x0a1b2c
2025-07-03 14:53:36,174 - Event traité: WARN - Leader ping timeout
2025-07-03 14:53:38,179 - Event traité: INFO - New session created with session ID 0x0a1b2c
2025-07-03 14:53:40,190 - Event traité: ERROR - Failed to write snapshot to disk
2025-07-03 14:53:42,200 - Event traité: ERROR - Unexpected exception in LeaderElection: NullPointerException
2025-07-03 14:53:44,216 - Event traité: ERROR - Failed to write snapshot to disk
2025-07-03 14:53:46,228 - Event traité: INFO - Syncing data with leader
2025-07-03 14:53:48,240 - Event traité: WARN - Too many outstanding requests
2025-07-03 14:53:50,249 - Event traité: INFO - Committed transaction proposal
2025-07-03 14:53:52,264 - Event traité: CRITICAL - Service outage detected
2025-07-03 14:53:54,275 - Event traité: INFO - Initialized data tree
2025-07-03 14:53:56,282 - Event traité: CRITICAL - No quorum of peers available
2025-07-03 14:53:58,286 - Event traité: CRITICAL - No quorum of peers available
2025-07-03 14:54:00,290 - Event traité: CRITICAL - No quorum of peers available
2025-07-03 14:54:02,304 - Event traité: INFO - Syncing data with leader
2025-07-03 14:54:04,307 - Event traité: INFO - Initialized data tree
2025-07-03 14:54:06,324 - Event traité: ERROR - Connection reset by peer
2025-07-03 14:54:08,335 - Event traité: ERROR - Session expired for client 0x2b3c4d
2025-07-03 14:54:10,342 - Event traité: WARN - Connection to 192.168.1.11 refused, retrying
2025-07-03 14:54:12,357 - Event traité: ERROR - Failed to write snapshot to disk
2025-07-03 14:54:14,370 - Event traité: ERROR - Connection loss to leader
2025-07-03 14:54:16,419 - Event traité: ERROR - Transaction log corrupted
2025-07-03 14:54:18,501 - Event traité: WARN - Session 0x1a2b3c nearing expiration
2025-07-03 14:54:20,510 - Event traité: WARN - Client request queue depth high
2025-07-03 14:54:22,521 - Event traité: INFO - Committed transaction proposal
2025-07-03 14:54:24,533 - Event traité: INFO - Initialized data tree
2025-07-03 14:54:26,541 - Event traité: WARN - Fsync delay detected
2025-07-03 14:54:28,545 - Event traité: ERROR - Unable to recover from snapshot
2025-07-03 14:54:30,548 - Event traité: ERROR - Socket exception on port 2181
2025-07-03 14:54:32,562 - Event traité: WARN - Proposed zxid not increasing
2025-07-03 14:54:34,575 - Event traité: WARN - Proposed zxid not increasing
2025-07-03 14:54:36,586 - Event traité: INFO - Initialized data tree
2025-07-03 14:54:38,592 - Event traité: WARN - Too many outstanding requests
2025-07-03 14:54:40,658 - Event traité: ERROR - Session expired for client 0x2b3c4d
2025-07-03 14:54:42,705 - Event traité: WARN - Leader ping timeout
2025-07-03 14:54:44,721 - Event traité: INFO - Processing client request of type exists
2025-07-03 14:54:46,729 - Event traité: INFO - Connection established to ZooKeeper server
2025-07-03 14:54:48,746 - Event traité: WARN - Auth failure for client 192.168.1.10
2025-07-03 14:54:50,809 - Event traité: WARN - Too many outstanding requests
2025-07-03 14:54:52,820 - Event traité: INFO - Committed transaction proposal
2025-07-03 14:54:54,823 - Event traité: ERROR - Client request timed out
2025-07-03 14:54:56,838 - Event traité: WARN - Exceeded watch count limit
2025-07-03 14:54:58,843 - Event traité: WARN - Connection to 192.168.1.11 refused, retrying
2025-07-03 14:55:00,856 - Event traité: INFO - Watch set on path /app/config
2025-07-03 14:55:02,870 - Event traité: INFO - Watch set on path /app/config
2025-07-03 14:55:04,874 - Event traité: INFO - Syncing data with leader
2025-07-03 14:55:06,890 - Event traité: INFO - Watch set on path /app/config
2025-07-03 14:55:08,917 - Event traité: WARN - Exceeded watch count limit
2025-07-03 14:55:10,943 - Event traité: ERROR - Socket exception on port 2181
2025-07-03 14:55:12,971 - Event traité: INFO - Processing client request of type exists
2025-07-03 14:55:14,986 - Event traité: WARN - Proposed zxid not increasing
2025-07-03 14:55:16,991 - Event traité: WARN - Leader ping timeout
2025-07-03 14:55:18,996 - Event traité: WARN - Slow response from leader
2025-07-03 14:55:21,009 - Event traité: INFO - New session created with session ID 0x0a1b2c
2025-07-03 14:55:23,021 - Event traité: INFO - New session created with session ID 0x0a1b2c
2025-07-03 14:55:25,029 - Event traité: INFO - Leader accepted connection from follower
2025-07-03 14:55:27,032 - Event traité: WARN - Fsync delay detected
2025-07-03 14:55:29,036 - Event traité: WARN - Proposed zxid not increasing
2025-07-03 14:55:31,055 - Event traité: WARN - Session 0x1a2b3c nearing expiration
2025-07-03 14:55:33,057 - Event traité: WARN - Auth failure for client 192.168.1.10
2025-07-03 14:55:35,073 - Event traité: WARN - Leader ping timeout
2025-07-03 14:55:37,084 - Event traité: WARN - Client request queue depth high
2025-07-03 14:55:39,091 - Event traité: INFO - New session created with session ID 0x0a1b2c
2025-07-03 14:55:41,102 - Event traité: INFO - Follower starting handshake with leader
2025-07-03 14:55:43,104 - Event traité: INFO - Ephemeral node created at path /app/node1
2025-07-03 14:55:45,120 - Event traité: INFO - Initialized data tree
2025-07-03 14:55:47,138 - Event traité: INFO - Connection established to ZooKeeper server
2025-07-03 14:55:49,148 - Event traité: INFO - Syncing data with leader
2025-07-03 14:55:51,155 - Event traité: INFO - Ephemeral node created at path /app/node1
2025-07-03 14:55:53,171 - Event traité: WARN - Session 0x1a2b3c nearing expiration
2025-07-03 14:55:55,184 - Event traité: INFO - Connection established to ZooKeeper server
2025-07-03 14:55:57,197 - Event traité: INFO - Connection established to ZooKeeper server
2025-07-03 14:55:59,198 - Event traité: ERROR - Connection reset by peer
2025-07-03 14:56:01,213 - Event traité: INFO - New session created with session ID 0x0a1b2c
2025-07-03 14:56:03,229 - Event traité: WARN - Connection to 192.168.1.11 refused, retrying
2025-07-03 14:56:05,292 - Event traité: INFO - Follower starting handshake with leader
2025-07-03 14:56:07,303 - Event traité: WARN - Slow response from leader
2025-07-03 14:56:09,316 - Event traité: WARN - Client request queue depth high
2025-07-03 14:56:11,320 - Event traité: WARN - Session 0x1a2b3c nearing expiration
2025-07-03 14:56:13,336 - Event traité: INFO - Syncing data with leader
2025-07-03 14:56:15,352 - Event traité: WARN - Too many outstanding requests
2025-07-03 14:56:17,369 - Event traité: INFO - Ephemeral node created at path /app/node1
2025-07-03 14:56:19,374 - Event traité: CRITICAL - ZooKeeper service unavailable
2025-07-03 14:56:21,383 - Event traité: WARN - Slow response from leader
2025-07-03 14:56:23,391 - Event traité: WARN - Auth failure for client 192.168.1.10
2025-07-03 14:56:25,396 - Event traité: WARN - Too many outstanding requests
2025-07-03 14:56:27,408 - Event traité: INFO - Leader accepted connection from follower
2025-07-03 14:56:29,416 - Event traité: ERROR - Connection reset by peer
2025-07-03 14:56:31,434 - Event traité: INFO - Processing client request of type exists
2025-07-03 14:56:33,439 - Event traité: WARN - Fsync delay detected
2025-07-03 14:56:35,441 - Event traité: INFO - Initialized data tree
2025-07-03 14:56:37,447 - Event traité: ERROR - Session expired for client 0x2b3c4d
2025-07-03 14:56:39,459 - Event traité: CRITICAL - No quorum of peers available
2025-07-03 14:56:41,472 - Event traité: WARN - Proposed zxid not increasing
2025-07-03 14:56:43,486 - Event traité: WARN - Slow response from leader
2025-07-03 14:56:45,494 - Event traité: WARN - Too many outstanding requests
2025-07-03 14:56:47,498 - Event traité: WARN - Connection to 192.168.1.11 refused, retrying
2025-07-03 14:56:49,505 - Event traité: INFO - Follower starting handshake with leader
2025-07-03 14:56:51,535 - Event traité: WARN - Session 0x1a2b3c nearing expiration
2025-07-03 14:56:53,592 - Event traité: ERROR - Socket exception on port 2181
2025-07-03 14:56:55,606 - Event traité: INFO - Processing client request of type exists
2025-07-03 14:56:57,618 - Event traité: ERROR - Unexpected exception in LeaderElection: NullPointerException
2025-07-03 14:56:59,621 - Event traité: INFO - Committed transaction proposal
2025-07-03 14:57:01,625 - Event traité: INFO - New session created with session ID 0x0a1b2c
2025-07-03 14:57:03,629 - Event traité: INFO - Syncing data with leader
2025-07-03 14:57:05,633 - Event traité: INFO - Follower starting handshake with leader
2025-07-07 21:03:37,718 - Event traité: WARN - Auth failure for client 192.168.1.10
2025-07-07 21:03:39,736 - Event traité: INFO - Watch set on path /app/config
2025-07-07 21:03:41,756 - Event traité: INFO - Initialized data tree
2025-07-07 21:03:43,768 - Event traité: INFO - New session created with session ID 0x0a1b2c
2025-07-07 21:03:45,783 - Event traité: WARN - Leader ping timeout
2025-07-07 21:03:47,794 - Event traité: INFO - New session created with session ID 0x0a1b2c
2025-07-07 21:03:49,800 - Event traité: ERROR - Failed to write snapshot to disk
2025-07-07 21:03:51,814 - Event traité: ERROR - Unexpected exception in LeaderElection: NullPointerException
2025-07-07 21:03:53,817 - Event traité: ERROR - Failed to write snapshot to disk
2025-07-07 21:03:55,829 - Event traité: INFO - Syncing data with leader
2025-07-07 21:03:57,844 - Event traité: WARN - Too many outstanding requests
2025-07-07 21:03:59,860 - Event traité: INFO - Committed transaction proposal
2025-07-07 21:04:01,870 - Event traité: CRITICAL - Service outage detected
2025-07-07 21:04:03,893 - Event traité: INFO - Initialized data tree
2025-07-07 21:04:05,896 - Event traité: CRITICAL - No quorum of peers available
2025-07-07 21:04:07,917 - Event traité: CRITICAL - No quorum of peers available
2025-07-07 21:04:09,926 - Event traité: CRITICAL - No quorum of peers available
2025-07-07 21:04:11,982 - Event traité: INFO - Syncing data with leader
2025-07-07 21:04:13,999 - Event traité: INFO - Initialized data tree
2025-07-07 21:04:16,012 - Event traité: ERROR - Connection reset by peer
2025-07-07 21:04:18,026 - Event traité: ERROR - Session expired for client 0x2b3c4d
2025-07-07 21:04:20,042 - Event traité: WARN - Connection to 192.168.1.11 refused, retrying
2025-07-07 21:04:22,056 - Event traité: ERROR - Failed to write snapshot to disk
2025-07-07 21:04:24,059 - Event traité: ERROR - Connection loss to leader
2025-07-07 21:04:26,068 - Event traité: ERROR - Transaction log corrupted
2025-07-07 21:04:28,081 - Event traité: WARN - Session 0x1a2b3c nearing expiration
2025-07-07 21:04:30,097 - Event traité: WARN - Client request queue depth high
2025-07-07 21:04:32,135 - Event traité: INFO - Committed transaction proposal
2025-07-07 21:04:34,216 - Event traité: INFO - Initialized data tree
2025-07-07 21:04:36,218 - Event traité: WARN - Fsync delay detected
2025-07-07 21:04:38,220 - Event traité: ERROR - Unable to recover from snapshot
2025-07-07 21:04:40,231 - Event traité: ERROR - Socket exception on port 2181
2025-07-07 21:04:42,249 - Event traité: WARN - Proposed zxid not increasing
2025-07-07 21:04:44,310 - Event traité: WARN - Proposed zxid not increasing
2025-07-07 21:04:46,396 - Event traité: INFO - Initialized data tree
2025-07-07 21:04:48,439 - Event traité: WARN - Too many outstanding requests
2025-07-07 21:04:50,457 - Event traité: ERROR - Session expired for client 0x2b3c4d
2025-07-07 21:04:52,466 - Event traité: WARN - Leader ping timeout
2025-07-07 21:04:54,479 - Event traité: INFO - Processing client request of type exists
2025-07-07 21:04:56,490 - Event traité: INFO - Connection established to ZooKeeper server
2025-07-07 21:04:58,501 - Event traité: WARN - Auth failure for client 192.168.1.10
2025-07-07 21:05:00,511 - Event traité: WARN - Too many outstanding requests
2025-07-07 21:05:02,518 - Event traité: INFO - Committed transaction proposal
2025-07-07 21:05:04,535 - Event traité: ERROR - Client request timed out
2025-07-07 21:05:06,538 - Event traité: WARN - Exceeded watch count limit
2025-07-07 21:05:08,548 - Event traité: WARN - Connection to 192.168.1.11 refused, retrying
2025-07-07 21:05:10,566 - Event traité: INFO - Watch set on path /app/config
2025-07-07 21:05:12,584 - Event traité: INFO - Watch set on path /app/config
2025-07-07 21:05:14,587 - Event traité: INFO - Syncing data with leader
2025-07-07 21:05:16,604 - Event traité: INFO - Watch set on path /app/config
2025-07-07 21:05:18,611 - Event traité: WARN - Exceeded watch count limit
2025-07-07 21:05:20,626 - Event traité: ERROR - Socket exception on port 2181
2025-07-07 21:05:22,641 - Event traité: INFO - Processing client request of type exists
2025-07-07 21:05:24,655 - Event traité: WARN - Proposed zxid not increasing
2025-07-07 21:05:26,668 - Event traité: WARN - Leader ping timeout
2025-07-07 21:05:28,675 - Event traité: WARN - Slow response from leader
2025-07-07 21:05:30,688 - Event traité: INFO - New session created with session ID 0x0a1b2c
2025-07-07 21:05:32,697 - Event traité: INFO - New session created with session ID 0x0a1b2c
2025-07-07 21:05:34,709 - Event traité: INFO - Leader accepted connection from follower
2025-07-07 21:05:36,725 - Event traité: WARN - Fsync delay detected
2025-07-07 21:05:38,741 - Event traité: WARN - Proposed zxid not increasing
2025-07-07 21:05:40,759 - Event traité: WARN - Session 0x1a2b3c nearing expiration
2025-07-07 21:05:42,763 - Event traité: WARN - Auth failure for client 192.168.1.10
2025-07-07 21:05:44,770 - Event traité: WARN - Leader ping timeout
2025-07-07 21:05:46,782 - Event traité: WARN - Client request queue depth high
2025-07-07 21:05:48,788 - Event traité: INFO - New session created with session ID 0x0a1b2c
2025-07-07 21:05:50,798 - Event traité: INFO - Follower starting handshake with leader
2025-07-07 21:05:52,812 - Event traité: INFO - Ephemeral node created at path /app/node1
2025-07-07 21:05:54,826 - Event traité: INFO - Initialized data tree
2025-07-07 21:05:56,836 - Event traité: INFO - Connection established to ZooKeeper server
2025-07-07 21:05:58,846 - Event traité: INFO - Syncing data with leader
2025-07-07 21:06:00,853 - Event traité: INFO - Ephemeral node created at path /app/node1
2025-07-07 21:06:02,867 - Event traité: WARN - Session 0x1a2b3c nearing expiration
2025-07-07 21:06:04,877 - Event traité: INFO - Connection established to ZooKeeper server
2025-07-07 21:06:06,880 - Event traité: INFO - Connection established to ZooKeeper server
2025-07-07 21:06:08,885 - Event traité: ERROR - Connection reset by peer
2025-07-07 21:06:10,927 - Event traité: INFO - New session created with session ID 0x0a1b2c
2025-07-07 21:06:12,942 - Event traité: WARN - Connection to 192.168.1.11 refused, retrying
2025-07-07 21:06:14,956 - Event traité: INFO - Follower starting handshake with leader
2025-07-07 21:06:16,974 - Event traité: WARN - Slow response from leader
2025-07-07 21:06:18,982 - Event traité: WARN - Client request queue depth high
2025-07-07 21:06:20,993 - Event traité: WARN - Session 0x1a2b3c nearing expiration
2025-07-07 21:06:23,009 - Event traité: INFO - Syncing data with leader
2025-07-07 21:06:25,025 - Event traité: WARN - Too many outstanding requests
2025-07-07 21:06:27,031 - Event traité: INFO - Ephemeral node created at path /app/node1
2025-07-07 21:06:29,036 - Event traité: CRITICAL - ZooKeeper service unavailable
2025-07-07 21:06:31,050 - Event traité: WARN - Slow response from leader
2025-07-07 21:06:33,059 - Event traité: WARN - Auth failure for client 192.168.1.10
2025-07-07 21:06:35,071 - Event traité: WARN - Too many outstanding requests
2025-07-07 21:06:37,083 - Event traité: INFO - Leader accepted connection from follower
2025-07-07 21:06:39,092 - Event traité: ERROR - Connection reset by peer
2025-07-07 21:06:41,106 - Event traité: INFO - Processing client request of type exists
2025-07-07 21:06:43,124 - Event traité: WARN - Fsync delay detected
2025-07-07 21:06:45,137 - Event traité: INFO - Initialized data tree
2025-07-07 21:06:47,148 - Event traité: ERROR - Session expired for client 0x2b3c4d
2025-07-07 21:06:49,156 - Event traité: CRITICAL - No quorum of peers available
2025-07-07 21:06:51,175 - Event traité: WARN - Proposed zxid not increasing
2025-07-07 21:06:53,188 - Event traité: WARN - Slow response from leader
2025-07-07 21:06:55,196 - Event traité: WARN - Too many outstanding requests
2025-07-07 21:06:57,210 - Event traité: WARN - Connection to 192.168.1.11 refused, retrying
2025-07-07 21:06:59,226 - Event traité: INFO - Follower starting handshake with leader
2025-07-07 21:07:01,242 - Event traité: WARN - Session 0x1a2b3c nearing expiration
2025-07-07 21:07:03,249 - Event traité: ERROR - Socket exception on port 2181
2025-07-07 21:07:05,256 - Event traité: INFO - Processing client request of type exists
2025-07-07 21:07:07,263 - Event traité: ERROR - Unexpected exception in LeaderElection: NullPointerException
2025-07-07 21:07:09,272 - Event traité: INFO - Committed transaction proposal
2025-07-07 21:07:11,281 - Event traité: INFO - New session created with session ID 0x0a1b2c
2025-07-07 21:07:13,290 - Event traité: INFO - Syncing data with leader
2025-07-07 21:07:15,301 - Event traité: INFO - Follower starting handshake with leader
